[debug] [2023-11-08T10:01:03.241Z] ----------------------------------------------------------------------
[debug] [2023-11-08T10:01:03.243Z] Command:       C:\Program Files\nodejs\node.exe C:\Users\unchul\AppData\Roaming\npm\node_modules\firebase-tools\lib\bin\firebase.js init hosting
[debug] [2023-11-08T10:01:03.243Z] CLI Version:   12.8.1
[debug] [2023-11-08T10:01:03.243Z] Platform:      win32
[debug] [2023-11-08T10:01:03.244Z] Node Version:  v18.18.0
[debug] [2023-11-08T10:01:03.245Z] Time:          Wed Nov 08 2023 19:01:03 GMT+0900 (ëŒ€í•œë¯¼êµ­ í‘œì¤€ì‹œ)
[debug] [2023-11-08T10:01:03.245Z] ----------------------------------------------------------------------
[debug] 
[debug] [2023-11-08T10:01:03.251Z] > command requires scopes: ["email","openid","https://www.googleapis.com/auth/cloudplatformprojects.readonly","https://www.googleapis.com/auth/firebase","https://www.googleapis.com/auth/cloud-platform"]
[debug] [2023-11-08T10:01:03.252Z] > authorizing via signed-in user (unchul87@gmail.com)
[info] 
     ######## #### ########  ######## ########     ###     ######  ########
     ##        ##  ##     ## ##       ##     ##  ##   ##  ##       ##
     ######    ##  ########  ######   ########  #########  ######  ######
     ##        ##  ##    ##  ##       ##     ## ##     ##       ## ##
     ##       #### ##     ## ######## ########  ##     ##  ######  ########

You're about to initialize a Firebase project in this directory:

  C:\Users\unchul\Desktop\project\FE02_YOUTUBE-CloneCoding

[info] 
=== Project Setup
[info] 
[info] First, let's associate this project directory with a Firebase project.
[info] You can create multiple project aliases by running firebase use --add, 
[info] but for now we'll just set up a default project.
[info] 
[debug] [2023-11-08T10:01:57.496Z] >>> [apiv2][query] GET https://firebase.googleapis.com/v1beta1/projects pageSize=100
[debug] [2023-11-08T10:01:58.188Z] <<< [apiv2][status] GET https://firebase.googleapis.com/v1beta1/projects 200
[debug] [2023-11-08T10:01:58.188Z] <<< [apiv2][body] GET https://firebase.googleapis.com/v1beta1/projects [omitted]
[info] i  Using project clongcoding (YOUTUBE-ClongCoding) 
[info] 
=== Hosting Setup
[info] 
[info] Your public directory is the folder (relative to your project directory) that
[info] will contain Hosting assets to be uploaded with firebase deploy. If you
[info] have a build process for your assets, use your build's output directory.
[info] 
[debug] [2023-11-08T10:02:32.468Z] >>> [apiv2][query] GET https://www.gstatic.com/firebasejs/releases.json [none]
[debug] [2023-11-08T10:02:32.663Z] <<< [apiv2][status] GET https://www.gstatic.com/firebasejs/releases.json 200
[debug] [2023-11-08T10:02:32.663Z] <<< [apiv2][body] GET https://www.gstatic.com/firebasejs/releases.json {"current":{"version":"10.5.2","browserURL":"https://www.gstatic.com/firebasejs/10.5.2/firebase.js","packageURL":"https://www.gstatic.com/firebasejs/10.5.2/firebase.tgz"},"live":{"version":"10.5","browserURL":"https://www.gstatic.com/firebasejs/live/10.5/firebase.js","packageURL":"https://www.gstatic.com/firebasejs/live/10.5/firebase.tgz"},"components":{"analytics":"https://www.gstatic.com/firebasejs/10.5.2/firebase-analytics.js","app":"https://www.gstatic.com/firebasejs/10.5.2/firebase-app.js","app-check":"https://www.gstatic.com/firebasejs/10.5.2/firebase-app-check.js","auth":"https://www.gstatic.com/firebasejs/10.5.2/firebase-auth.js","auth/cordova":"https://www.gstatic.com/firebasejs/10.5.2/firebase-auth/cordova.js","functions":"https://www.gstatic.com/firebasejs/10.5.2/firebase-functions.js","firestore":"https://www.gstatic.com/firebasejs/10.5.2/firebase-firestore.js","firestore/lite":"https://www.gstatic.com/firebasejs/10.5.2/firebase-firestore/lite.js","installations":"https://www.gstatic.com/firebasejs/10.5.2/firebase-installations.js","storage":"https://www.gstatic.com/firebasejs/10.5.2/firebase-storage.js","performance":"https://www.gstatic.com/firebasejs/10.5.2/firebase-performance.js","remote-config":"https://www.gstatic.com/firebasejs/10.5.2/firebase-remote-config.js","messaging":"https://www.gstatic.com/firebasejs/10.5.2/firebase-messaging.js","messaging/sw":"https://www.gstatic.com/firebasejs/10.5.2/firebase-messaging/sw.js","database":"https://www.gstatic.com/firebasejs/10.5.2/firebase-database.js","firestore.memory":"https://www.gstatic.com/firebasejs/10.5.2/firebase-firestore.memory.js"}}
[info] +  Wrote public/index.html 
[info] 
[info] i  Detected a .git folder at C:\Users\unchul\Desktop\project\FE02_YOUTUBE-CloneCoding 
[info] i  Authorizing with GitHub to upload your service account to a GitHub repository's secrets store. 
[info] 
[info] Visit this URL on this device to log in:
[info] https://github.com/login/oauth/authorize?client_id=89cf50f02ac6aaed3484&state=999242794&redirect_uri=http%3A%2F%2Flocalhost%3A9005&scope=read%3Auser%20repo%20public_repo
[info] 
[info] Waiting for authentication...
[debug] [2023-11-08T10:06:15.886Z] >>> [apiv2][query] POST https://github.com/login/oauth/access_token [none]
[debug] [2023-11-08T10:06:15.886Z] >>> [apiv2][body] POST https://github.com/login/oauth/access_token [stream]
[debug] [2023-11-08T10:06:16.207Z] <<< [apiv2][status] POST https://github.com/login/oauth/access_token 200
[debug] [2023-11-08T10:06:16.207Z] <<< [apiv2][body] POST https://github.com/login/oauth/access_token {"access_token":"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","token_type":"bearer","scope":"read:user,repo"}
[debug] [2023-11-08T10:06:16.211Z] >>> [apiv2][query] GET https://api.github.com/user [none]
[debug] [2023-11-08T10:06:16.541Z] <<< [apiv2][status] GET https://api.github.com/user 200
[debug] [2023-11-08T10:06:16.541Z] <<< [apiv2][body] GET https://api.github.com/user {"login":"unchul","id":105141025,"node_id":"U_kgDOBkRTIQ","avatar_url":"https://avatars.githubusercontent.com/u/105141025?v=4","gravatar_id":"","url":"https://api.github.com/users/unchul","html_url":"https://github.com/unchul","followers_url":"https://api.github.com/users/unchul/followers","following_url":"https://api.github.com/users/unchul/following{/other_user}","gists_url":"https://api.github.com/users/unchul/gists{/gist_id}","starred_url":"https://api.github.com/users/unchul/starred{/owner}{/repo}","subscriptions_url":"https://api.github.com/users/unchul/subscriptions","organizations_url":"https://api.github.com/users/unchul/orgs","repos_url":"https://api.github.com/users/unchul/repos","events_url":"https://api.github.com/users/unchul/events{/privacy}","received_events_url":"https://api.github.com/users/unchul/received_events","type":"User","site_admin":false,"name":"GoldenDuck","company":null,"blog":"","location":null,"email":null,"hireable":null,"bio":"ì›¹ ê°œë°œ ê³„ì˜ ì•„ê¸° ì˜¤ë¦¬ ë‚˜ê°€ì‹ ë‹¤!ðŸ£","twitter_username":null,"public_repos":13,"public_gists":0,"followers":2,"following":3,"created_at":"2022-05-08T04:32:57Z","updated_at":"2023-10-23T05:09:20Z","private_gists":0,"total_private_repos":1,"owned_private_repos":1,"disk_usage":30138,"collaborators":0,"two_factor_authentication":false,"plan":{"name":"free","space":976562499,"collaborators":0,"private_repos":10000}}
[info] 
[info] +  Success! Logged into GitHub as unchul 
[info] 
[debug] [2023-11-08T10:06:16.544Z] >>> [apiv2][query] GET https://api.github.com/repos//actions/secrets/public-key type=owner
[debug] [2023-11-08T10:06:16.816Z] <<< [apiv2][status] GET https://api.github.com/repos//actions/secrets/public-key 404
[debug] [2023-11-08T10:06:16.816Z] <<< [apiv2][body] GET https://api.github.com/repos//actions/secrets/public-key {"message":"Not Found","documentation_url":"https://docs.github.com/rest"}
[info] 
[info] 
[error] !  The provided authorization cannot be used with this repository. If this repository is in an organization, did you remember to grant access? 
[info] 
[info] i  Action required: Visit this URL to ensure access has been granted to the appropriate organization(s) for the Firebase CLI GitHub OAuth App: 
[info] https://github.com/settings/connections/applications/89cf50f02ac6aaed3484
[info] 
[debug] [2023-11-08T10:06:29.491Z] >>> [apiv2][query] GET https://api.github.com/repos//actions/secrets/public-key type=owner
[debug] [2023-11-08T10:06:29.732Z] <<< [apiv2][status] GET https://api.github.com/repos//actions/secrets/public-key 404
[debug] [2023-11-08T10:06:29.733Z] <<< [apiv2][body] GET https://api.github.com/repos//actions/secrets/public-key {"message":"Not Found","documentation_url":"https://docs.github.com/rest"}
[info] 
[info] 
[error] !  The provided authorization cannot be used with this repository. If this repository is in an organization, did you remember to grant access? 
[info] 
[info] i  Action required: Visit this URL to ensure access has been granted to the appropriate organization(s) for the Firebase CLI GitHub OAuth App: 
[info] https://github.com/settings/connections/applications/89cf50f02ac6aaed3484
[info] 
